TN:
SF:/home/sysadmin/CLionProjects/SortedBagBST/BSTIterator.hpp
FN:17,_ZN11BSTIterator7isValidEv
FN:22,_ZN11BSTIterator8getValueEv
FN:26,_ZN11BSTIterator4nextEv
FN:53,_ZN11BSTIterator9nextLevelEP4Node
FNDA:0,_ZN11BSTIterator7isValidEv
FNDA:0,_ZN11BSTIterator8getValueEv
FNDA:0,_ZN11BSTIterator4nextEv
FNDA:0,_ZN11BSTIterator9nextLevelEP4Node
FNF:4
FNH:0
DA:17,0
DA:19,0
DA:22,0
DA:23,0
DA:26,0
DA:31,0
DA:32,0
DA:33,0
DA:34,0
DA:37,0
DA:38,0
DA:44,0
DA:53,0
DA:54,0
DA:55,0
DA:58,0
DA:59,0
DA:62,0
LF:18
LH:0
end_of_record
SF:/home/sysadmin/CLionProjects/SortedBagBST/RunTests.cpp
FN:9,_ZN8RunTests10testSearchEv
FN:22,_ZN8RunTests10testRemoveEv
FN:49,_ZN8RunTests9testCountEv
FN:62,_ZN8RunTests11testIsEmptyEv
FN:71,_ZN8RunTests10testMinMaxEv
FN:89,_ZN8RunTests12testIteratorEv
FN:108,_ZN8RunTests8runTestsEv
FN:115,_Z41__static_initialization_and_destruction_0ii
FN:115,_GLOBAL__sub_I__ZN8RunTests10testSearchEv
FNDA:1,_ZN8RunTests10testSearchEv
FNDA:1,_ZN8RunTests10testRemoveEv
FNDA:1,_ZN8RunTests9testCountEv
FNDA:1,_ZN8RunTests11testIsEmptyEv
FNDA:1,_ZN8RunTests10testMinMaxEv
FNDA:1,_ZN8RunTests12testIteratorEv
FNDA:1,_ZN8RunTests8runTestsEv
FNDA:1,_GLOBAL__sub_I__ZN8RunTests10testSearchEv
FNDA:1,_Z41__static_initialization_and_destruction_0ii
FNF:9
FNH:9
DA:9,1
DA:10,2
DA:11,1
DA:12,1
DA:13,1
DA:15,1
DA:16,1
DA:17,1
DA:18,1
DA:19,1
DA:20,1
DA:22,1
DA:23,2
DA:25,1
DA:26,1
DA:28,1
DA:29,1
DA:30,1
DA:32,1
DA:33,1
DA:34,1
DA:36,1
DA:37,1
DA:38,1
DA:39,1
DA:40,1
DA:41,1
DA:42,1
DA:43,1
DA:45,1
DA:46,1
DA:47,1
DA:49,1
DA:50,2
DA:51,1
DA:52,1
DA:53,1
DA:55,1
DA:56,1
DA:57,1
DA:58,1
DA:59,1
DA:60,1
DA:62,1
DA:63,2
DA:64,1
DA:65,1
DA:66,1
DA:67,1
DA:68,1
DA:69,1
DA:71,1
DA:72,2
DA:74,1
DA:75,1
DA:77,1
DA:78,1
DA:79,1
DA:81,1
DA:82,1
DA:83,1
DA:84,1
DA:85,1
DA:86,1
DA:87,1
DA:89,1
DA:90,2
DA:91,1
DA:92,1
DA:93,1
DA:95,1
DA:96,1
DA:97,1
DA:98,1
DA:99,1
DA:100,1
DA:101,1
DA:102,1
DA:103,1
DA:104,1
DA:105,1
DA:106,1
DA:108,1
DA:109,1
DA:110,1
DA:111,1
DA:112,1
DA:113,1
DA:114,1
DA:115,4
LF:90
LH:90
end_of_record
SF:/usr/include/c++/7/iostream
DA:74,1
LF:1
LH:1
end_of_record
TN:
SF:/home/sysadmin/CLionProjects/SortedBagBST/BSTIterator.hpp
FN:67,_GLOBAL__sub_I_BSTIterator.cpp
FN:67,_Z41__static_initialization_and_destruction_0ii
FNDA:1,_GLOBAL__sub_I_BSTIterator.cpp
FNDA:1,_Z41__static_initialization_and_destruction_0ii
FNF:2
FNH:2
DA:67,3
LF:1
LH:1
end_of_record
SF:/usr/include/c++/7/iostream
DA:74,1
LF:1
LH:1
end_of_record
TN:
SF:/home/sysadmin/CLionProjects/SortedBagBST/BST.cpp
FN:7,_ZN3BSTC2Ev
FN:9,_ZN3BSTC2ERKNSt7__cxx1112basic_stringIcSt11char_traitsIcESaIcEEE
FN:11,_ZN3BSTD2Ev
FN:15,_ZN3BST7destroyEP4Node
FN:25,_ZN3BST6searchEi
FN:32,_ZN3BST6removeEi
FN:39,_ZN3BST5countEv
FN:43,_ZN3BST6insertEP4NodeS1_i
FN:60,_ZN3BST3addEi
FN:65,_ZN3BST7findMinEP4Node
FN:75,_ZN3BST7findMaxEP4Node
FN:85,_ZN3BST11getIteratorEv
FN:89,_ZN3BST6searchEP4Nodei
FN:101,_ZN3BST6removeEP4Nodei
FN:135,_ZN3BST7isEmptyEv
FN:139,_ZN3BST7findMinEv
FN:148,_ZN3BST7findMaxEv
FN:155,_GLOBAL__sub_I__ZN3BSTC2Ev
FN:155,_Z41__static_initialization_and_destruction_0ii
FNDA:6,_ZN3BSTC2Ev
FNDA:1,_ZN3BSTC2ERKNSt7__cxx1112basic_stringIcSt11char_traitsIcESaIcEEE
FNDA:7,_ZN3BSTD2Ev
FNDA:49,_ZN3BST7destroyEP4Node
FNDA:9,_ZN3BST6searchEi
FNDA:9,_ZN3BST6removeEi
FNDA:5,_ZN3BST5countEv
FNDA:72,_ZN3BST6insertEP4NodeS1_i
FNDA:30,_ZN3BST3addEi
FNDA:5,_ZN3BST7findMinEP4Node
FNDA:4,_ZN3BST7findMaxEP4Node
FNDA:1,_ZN3BST11getIteratorEv
FNDA:32,_ZN3BST6searchEP4Nodei
FNDA:17,_ZN3BST6removeEP4Nodei
FNDA:3,_ZN3BST7isEmptyEv
FNDA:3,_ZN3BST7findMinEv
FNDA:3,_ZN3BST7findMaxEv
FNDA:1,_GLOBAL__sub_I__ZN3BSTC2Ev
FNDA:1,_Z41__static_initialization_and_destruction_0ii
FNF:19
FNH:19
DA:7,6
DA:9,1
DA:11,14
DA:12,7
DA:13,7
DA:15,49
DA:16,49
DA:17,28
DA:20,21
DA:21,21
DA:22,21
DA:25,9
DA:26,9
DA:28,9
DA:32,9
DA:33,9
DA:34,9
DA:35,9
DA:37,9
DA:39,5
DA:40,5
DA:43,72
DA:45,72
DA:46,30
DA:47,30
DA:48,30
DA:49,30
DA:50,30
DA:51,42
DA:52,15
DA:54,27
DA:57,72
DA:60,30
DA:61,30
DA:62,30
DA:63,30
DA:65,5
DA:66,5
DA:67,1
DA:68,4
DA:69,3
DA:72,1
DA:75,4
DA:76,4
DA:77,1
DA:78,3
DA:79,2
DA:82,1
DA:85,1
DA:86,1
DA:89,32
DA:90,32
DA:91,28
DA:92,14
DA:95,14
DA:98,4
DA:101,17
DA:102,17
DA:103,2
DA:104,15
DA:105,5
DA:107,10
DA:109,7
DA:110,7
DA:112,3
DA:114,1
DA:115,1
DA:116,1
DA:118,2
DA:120,1
DA:121,1
DA:122,1
DA:126,1
DA:127,1
DA:128,1
DA:132,17
DA:135,3
DA:136,3
DA:139,3
DA:140,3
DA:141,3
DA:142,2
DA:145,1
DA:148,3
DA:149,3
DA:150,3
DA:151,2
DA:154,1
DA:155,3
LF:89
LH:89
end_of_record
SF:/home/sysadmin/CLionProjects/SortedBagBST/BSTIterator.hpp
FN:13,_ZN11BSTIteratorC2EP4Nodei
FN:53,_ZN11BSTIterator9nextLevelEP4Node
FNDA:1,_ZN11BSTIteratorC2EP4Nodei
FNDA:0,_ZN11BSTIterator9nextLevelEP4Node
FNF:2
FNH:1
DA:13,1
DA:14,1
DA:15,1
DA:53,0
DA:54,0
DA:55,0
DA:58,0
DA:59,0
DA:62,0
LF:9
LH:3
end_of_record
SF:/usr/include/c++/7/iostream
DA:74,1
LF:1
LH:1
end_of_record
TN:
SF:/home/sysadmin/CLionProjects/SortedBagBST/BST.hpp
FN:42,_ZNK3BST11getRelationB5cxx11Ev
FN:43,_ZN3BST7getRootEv
FNDA:0,_ZNK3BST11getRelationB5cxx11Ev
FNDA:0,_ZN3BST7getRootEv
FNF:2
FNH:0
DA:42,0
DA:43,0
LF:2
LH:0
end_of_record
SF:/home/sysadmin/CLionProjects/SortedBagBST/BSTIterator.hpp
FN:17,_ZN11BSTIterator7isValidEv
FN:22,_ZN11BSTIterator8getValueEv
FN:26,_ZN11BSTIterator4nextEv
FN:53,_ZN11BSTIterator9nextLevelEP4Node
FNDA:4,_ZN11BSTIterator7isValidEv
FNDA:3,_ZN11BSTIterator8getValueEv
FNDA:3,_ZN11BSTIterator4nextEv
FNDA:5,_ZN11BSTIterator9nextLevelEP4Node
FNF:4
FNH:4
DA:17,4
DA:19,4
DA:22,3
DA:23,3
DA:26,3
DA:31,3
DA:32,3
DA:33,1
DA:34,1
DA:37,2
DA:38,1
DA:44,1
DA:53,5
DA:54,5
DA:55,3
DA:58,2
DA:59,2
DA:62,2
LF:18
LH:18
end_of_record
SF:/home/sysadmin/CLionProjects/SortedBagBST/main.cpp
FN:11,_Z13printPreOrderP4Node
FN:19,_Z12printInOrderP4Node
FN:27,_Z16insertTestValuesR3BST
FN:37,_Z8showMenuv
FN:50,main
FN:157,_Z41__static_initialization_and_destruction_0ii
FN:157,_GLOBAL__sub_I__Z13printPreOrderP4Node
FNDA:0,_Z13printPreOrderP4Node
FNDA:0,_Z12printInOrderP4Node
FNDA:1,_Z16insertTestValuesR3BST
FNDA:2,_Z8showMenuv
FNDA:1,main
FNDA:1,_GLOBAL__sub_I__Z13printPreOrderP4Node
FNDA:1,_Z41__static_initialization_and_destruction_0ii
FNF:7
FNH:5
DA:11,0
DA:12,0
DA:13,0
DA:14,0
DA:15,0
DA:17,0
DA:19,0
DA:20,0
DA:21,0
DA:22,0
DA:23,0
DA:25,0
DA:27,1
DA:28,1
DA:29,1
DA:30,1
DA:31,1
DA:32,1
DA:33,1
DA:34,1
DA:35,1
DA:37,2
DA:38,2
DA:48,2
DA:50,1
DA:51,1
DA:53,2
DA:54,1
DA:56,2
DA:58,2
DA:61,2
DA:63,2
DA:64,1
DA:65,1
DA:67,1
DA:69,1
DA:70,1
DA:72,1
DA:73,1
DA:75,0
DA:77,0
DA:78,0
DA:80,0
DA:81,0
DA:83,0
DA:84,0
DA:86,0
DA:88,0
DA:89,0
DA:91,0
DA:92,0
DA:93,0
DA:95,0
DA:97,0
DA:99,0
DA:100,0
DA:101,0
DA:102,0
DA:104,0
DA:105,0
DA:106,0
DA:108,0
DA:110,0
DA:111,0
DA:112,0
DA:114,0
DA:115,0
DA:116,0
DA:118,0
DA:120,0
DA:122,0
DA:123,0
DA:124,0
DA:125,0
DA:126,0
DA:127,0
DA:130,0
DA:132,0
DA:134,0
DA:135,0
DA:136,0
DA:138,0
DA:140,0
DA:142,0
DA:143,0
DA:144,0
DA:146,0
DA:148,0
DA:150,0
DA:151,0
DA:152,0
DA:154,1
DA:157,3
LF:93
LH:29
end_of_record
SF:/usr/include/c++/7/bits/basic_string.h
FN:6031,_ZSteqIcSt11char_traitsIcESaIcEEbRKNSt7__cxx1112basic_stringIT_T0_T1_EEPKS5_
FNDA:0,_ZSteqIcSt11char_traitsIcESaIcEEbRKNSt7__cxx1112basic_stringIT_T0_T1_EEPKS5_
FNF:1
FNH:0
DA:6031,0
DA:6033,0
LF:2
LH:0
end_of_record
SF:/usr/include/c++/7/iostream
DA:74,1
LF:1
LH:1
end_of_record
