TN:
SF:/home/sysadmin/CLionProjects/lab5-6/Axolotl.h
FN:13,_ZN7AxolotlC2ERKS_
FN:13,_ZN7AxolotlaSERKS_
FNDA:0,_ZN7AxolotlaSERKS_
FNDA:0,_ZN7AxolotlC2ERKS_
FNF:2
FNH:0
DA:13,0
LF:1
LH:0
end_of_record
SF:/home/sysadmin/CLionProjects/lab5-6/DynamicVector.h
FN:55,_ZNK13DynamicVectorI7AxolotlE11getCapacityEv
FN:60,_ZN13DynamicVectorI7AxolotlEC2Ei
FN:78,_ZN13DynamicVectorI7AxolotlED2Ev
FN:115,_ZN13DynamicVectorI7AxolotlE3addES0_
FN:123,_ZN13DynamicVectorI7AxolotlE6resizeEd
FN:137,_ZN13DynamicVectorI7AxolotlEixEi
FN:142,_ZNK13DynamicVectorI7AxolotlE7getSizeEv
FN:158,_ZN13DynamicVectorI7AxolotlE13deleteElementEi
FNDA:3,_ZNK13DynamicVectorI7AxolotlE11getCapacityEv
FNDA:0,_ZN13DynamicVectorI7AxolotlEC2Ei
FNDA:0,_ZN13DynamicVectorI7AxolotlED2Ev
FNDA:0,_ZN13DynamicVectorI7AxolotlE3addES0_
FNDA:0,_ZN13DynamicVectorI7AxolotlE6resizeEd
FNDA:0,_ZN13DynamicVectorI7AxolotlEixEi
FNDA:0,_ZNK13DynamicVectorI7AxolotlE7getSizeEv
FNDA:0,_ZN13DynamicVectorI7AxolotlE13deleteElementEi
FNF:8
FNH:1
DA:55,3
DA:56,3
DA:60,0
DA:61,0
DA:62,0
DA:64,0
DA:65,0
DA:78,0
DA:79,0
DA:80,0
DA:115,0
DA:116,0
DA:117,0
DA:118,0
DA:119,0
DA:120,0
DA:123,0
DA:124,0
DA:127,0
DA:128,0
DA:129,0
DA:131,0
DA:132,0
DA:133,0
DA:137,0
DA:138,0
DA:142,0
DA:143,0
DA:158,0
DA:159,0
DA:160,0
DA:163,0
DA:164,0
LF:33
LH:2
end_of_record
SF:/home/sysadmin/CLionProjects/lab5-6/RunTests.cpp
FN:8,_ZN8RunTests17testDynamicVectorEv
FN:25,_ZN8RunTests14testControllerEv
FN:39,_ZN8RunTests11testAxolotlEv
FN:55,_ZN8RunTests8runTestsEv
FN:59,_GLOBAL__sub_I__ZN8RunTests17testDynamicVectorEv
FN:59,_Z41__static_initialization_and_destruction_0ii
FNDA:1,_ZN8RunTests17testDynamicVectorEv
FNDA:1,_ZN8RunTests14testControllerEv
FNDA:1,_ZN8RunTests11testAxolotlEv
FNDA:1,_ZN8RunTests8runTestsEv
FNDA:1,_GLOBAL__sub_I__ZN8RunTests17testDynamicVectorEv
FNDA:1,_Z41__static_initialization_and_destruction_0ii
FNF:6
FNH:6
DA:8,1
DA:9,2
DA:10,1
DA:11,1
DA:12,2
DA:13,1
DA:14,1
DA:15,1
DA:16,1
DA:17,1
DA:18,1
DA:19,1
DA:20,1
DA:21,1
DA:22,1
DA:23,1
DA:25,1
DA:26,2
DA:27,1
DA:28,1
DA:29,1
DA:30,1
DA:31,1
DA:32,1
DA:33,1
DA:34,1
DA:35,1
DA:36,1
DA:37,1
DA:39,1
DA:40,2
DA:41,1
DA:42,1
DA:43,1
DA:44,1
DA:45,1
DA:46,1
DA:47,1
DA:48,1
DA:49,1
DA:50,1
DA:51,1
DA:53,1
DA:55,1
DA:56,1
DA:57,1
DA:58,1
DA:59,4
LF:48
LH:48
end_of_record
SF:/usr/include/c++/7/bits/basic_string.h
FN:6031,_ZSteqIcSt11char_traitsIcESaIcEEbRKNSt7__cxx1112basic_stringIT_T0_T1_EEPKS5_
FNDA:6,_ZSteqIcSt11char_traitsIcESaIcEEbRKNSt7__cxx1112basic_stringIT_T0_T1_EEPKS5_
FNF:1
FNH:1
DA:6031,6
DA:6033,6
LF:2
LH:2
end_of_record
SF:/usr/include/c++/7/iostream
DA:74,1
LF:1
LH:1
end_of_record
TN:
SF:/home/sysadmin/CLionProjects/lab5-6/Validator.cpp
FN:7,_ZN9Validator15validateAxolotlEiNSt7__cxx1112basic_stringIcSt11char_traitsIcESaIcEEEiS5_
FN:11,_ZN9Validator13validateBreedEi
FN:18,_ZN9Validator12validateNameENSt7__cxx1112basic_stringIcSt11char_traitsIcESaIcEEE
FN:26,_ZN9Validator11validateAgeEi
FN:34,_ZN9Validator18validatePhotographENSt7__cxx1112basic_stringIcSt11char_traitsIcESaIcEEE
FNDA:2,_ZN9Validator15validateAxolotlEiNSt7__cxx1112basic_stringIcSt11char_traitsIcESaIcEEEiS5_
FNDA:2,_ZN9Validator13validateBreedEi
FNDA:2,_ZN9Validator12validateNameENSt7__cxx1112basic_stringIcSt11char_traitsIcESaIcEEE
FNDA:2,_ZN9Validator11validateAgeEi
FNDA:2,_ZN9Validator18validatePhotographENSt7__cxx1112basic_stringIcSt11char_traitsIcESaIcEEE
FNF:5
FNH:5
DA:7,2
DA:8,2
DA:11,2
DA:12,2
DA:13,0
DA:15,2
DA:18,2
DA:19,2
DA:20,0
DA:23,2
DA:26,2
DA:27,2
DA:28,0
DA:31,2
DA:34,2
DA:35,2
DA:36,0
DA:39,2
LF:18
LH:14
end_of_record
TN:
SF:/home/sysadmin/CLionProjects/lab5-6/Axolotl.cpp
FN:8,_ZN7AxolotlC2Ev
FN:11,_ZN7AxolotlC2ENS_5BreedENSt7__cxx1112basic_stringIcSt11char_traitsIcESaIcEEEiS6_
FN:15,_ZN7AxolotlD2Ev
FN:19,_ZN7Axolotl8getBreedEv
FN:23,_ZN7Axolotl7getNameB5cxx11Ev
FN:27,_ZN7Axolotl6getAgeEv
FN:31,_ZN7Axolotl8getPhotoB5cxx11Ev
FN:35,_ZN7Axolotl8setBreedENS_5BreedE
FN:39,_ZN7Axolotl7setNameENSt7__cxx1112basic_stringIcSt11char_traitsIcESaIcEEE
FN:43,_ZN7Axolotl6setAgeEi
FN:47,_ZN7Axolotl8setPhotoENSt7__cxx1112basic_stringIcSt11char_traitsIcESaIcEEE
FN:51,_ZN7Axolotl15getBreedFromIntEi
FN:68,_ZN7Axolotl18getStringFromBreedB5cxx11ENS_5BreedE
FN:84,_ZN7Axolotl15getIntFromBreedENS_5BreedE
FNDA:233,_ZN7AxolotlC2Ev
FNDA:35,_ZN7AxolotlC2ENS_5BreedENSt7__cxx1112basic_stringIcSt11char_traitsIcESaIcEEEiS6_
FNDA:255,_ZN7AxolotlD2Ev
FNDA:11,_ZN7Axolotl8getBreedEv
FNDA:47,_ZN7Axolotl7getNameB5cxx11Ev
FNDA:6,_ZN7Axolotl6getAgeEv
FNDA:1,_ZN7Axolotl8getPhotoB5cxx11Ev
FNDA:2,_ZN7Axolotl8setBreedENS_5BreedE
FNDA:2,_ZN7Axolotl7setNameENSt7__cxx1112basic_stringIcSt11char_traitsIcESaIcEEE
FNDA:2,_ZN7Axolotl6setAgeEi
FNDA:2,_ZN7Axolotl8setPhotoENSt7__cxx1112basic_stringIcSt11char_traitsIcESaIcEEE
FNDA:4,_ZN7Axolotl15getBreedFromIntEi
FNDA:1,_ZN7Axolotl18getStringFromBreedB5cxx11ENS_5BreedE
FNDA:1,_ZN7Axolotl15getIntFromBreedENS_5BreedE
FNF:14
FNH:14
DA:8,233
DA:9,233
DA:11,35
DA:12,35
DA:15,255
DA:17,255
DA:19,11
DA:20,11
DA:23,47
DA:24,47
DA:27,6
DA:28,6
DA:31,1
DA:32,1
DA:35,2
DA:36,2
DA:37,2
DA:39,2
DA:40,2
DA:41,2
DA:43,2
DA:44,2
DA:45,2
DA:47,2
DA:48,2
DA:49,2
DA:51,4
DA:52,4
DA:53,0
DA:54,0
DA:56,4
DA:57,4
DA:59,0
DA:60,0
DA:63,0
DA:64,0
DA:68,1
DA:69,1
DA:70,1
DA:71,1
DA:73,0
DA:74,0
DA:76,0
DA:77,0
DA:79,0
DA:80,0
DA:84,1
DA:85,1
DA:86,1
DA:87,1
DA:89,0
DA:90,0
DA:92,0
DA:93,0
DA:95,0
DA:96,0
LF:56
LH:38
end_of_record
TN:
SF:/home/sysadmin/CLionProjects/lab5-6/Axolotl.h
FN:13,_ZN7AxolotlaSERKS_
FN:13,_ZN7AxolotlC2ERKS_
FNDA:0,_ZN7AxolotlaSERKS_
FNDA:0,_ZN7AxolotlC2ERKS_
FNF:2
FNH:0
DA:13,0
LF:1
LH:0
end_of_record
SF:/home/sysadmin/CLionProjects/lab5-6/Controller.cpp
FN:7,_ZN10ControllerC2Ev
FN:16,_ZN10ControllerD2Ev
FN:20,_ZN10Controller18insertTestElementsEv
FN:33,_ZN10Controller10addAxolotlER13DynamicVectorI7AxolotlEiNSt7__cxx1112basic_stringIcSt11char_traitsIcESaIcEEEiS9_
FN:48,_ZN10Controller13searchAxolotlENSt7__cxx1112basic_stringIcSt11char_traitsIcESaIcEEE
FN:52,_ZN10Controller13deleteAxolotlEi
FN:56,_ZN10Controller13updateAxolotlEiiNSt7__cxx1112basic_stringIcSt11char_traitsIcESaIcEEEiS5_
FN:65,_ZN10Controller9getVectorEv
FN:69,_ZN10Controller21getUserAdoptionVectorEv
FN:73,_ZN10Controller19buildFilteredVectorEii
FN:85,_ZN10Controller17nameAlreadyExistsENSt7__cxx1112basic_stringIcSt11char_traitsIcESaIcEEE
FN:93,_Z41__static_initialization_and_destruction_0ii
FN:93,_GLOBAL__sub_I__ZN10ControllerC2Ev
FNDA:3,_ZN10ControllerC2Ev
FNDA:2,_ZN10ControllerD2Ev
FNDA:3,_ZN10Controller18insertTestElementsEv
FNDA:1,_ZN10Controller10addAxolotlER13DynamicVectorI7AxolotlEiNSt7__cxx1112basic_stringIcSt11char_traitsIcESaIcEEEiS9_
FNDA:2,_ZN10Controller13searchAxolotlENSt7__cxx1112basic_stringIcSt11char_traitsIcESaIcEEE
FNDA:1,_ZN10Controller13deleteAxolotlEi
FNDA:1,_ZN10Controller13updateAxolotlEiiNSt7__cxx1112basic_stringIcSt11char_traitsIcESaIcEEEiS5_
FNDA:4,_ZN10Controller9getVectorEv
FNDA:1,_ZN10Controller21getUserAdoptionVectorEv
FNDA:1,_ZN10Controller19buildFilteredVectorEii
FNDA:2,_ZN10Controller17nameAlreadyExistsENSt7__cxx1112basic_stringIcSt11char_traitsIcESaIcEEE
FNDA:1,_GLOBAL__sub_I__ZN10ControllerC2Ev
FNDA:1,_Z41__static_initialization_and_destruction_0ii
FNF:13
FNH:13
DA:7,3
DA:9,3
DA:10,3
DA:13,3
DA:14,3
DA:16,2
DA:18,2
DA:20,3
DA:21,3
DA:22,3
DA:23,3
DA:24,3
DA:25,3
DA:26,3
DA:27,3
DA:28,3
DA:29,3
DA:30,3
DA:31,3
DA:33,1
DA:34,1
DA:36,1
DA:38,2
DA:39,1
DA:42,1
DA:45,0
DA:48,2
DA:49,2
DA:52,1
DA:53,1
DA:54,1
DA:56,1
DA:57,1
DA:58,1
DA:59,1
DA:62,0
DA:65,4
DA:66,4
DA:69,1
DA:70,1
DA:73,1
DA:74,1
DA:75,1
DA:76,11
DA:77,10
DA:78,5
DA:82,1
DA:85,2
DA:86,23
DA:87,21
DA:88,0
DA:92,2
DA:93,3
LF:53
LH:50
end_of_record
SF:/home/sysadmin/CLionProjects/lab5-6/DynamicVector.h
FN:60,_ZN13DynamicVectorI7AxolotlEC2Ei
FN:78,_ZN13DynamicVectorI7AxolotlED2Ev
FN:83,_ZN13DynamicVectorI7AxolotlEaSERKS1_
FN:100,_ZN13DynamicVectorI7AxolotlEplERS0_
FN:115,_ZN13DynamicVectorI7AxolotlE3addES0_
FN:123,_ZN13DynamicVectorI7AxolotlE6resizeEd
FN:137,_ZN13DynamicVectorI7AxolotlEixEi
FN:142,_ZNK13DynamicVectorI7AxolotlE7getSizeEv
FN:147,_ZN13DynamicVectorI7AxolotlE13searchElementENSt7__cxx1112basic_stringIcSt11char_traitsIcESaIcEEE
FN:158,_ZN13DynamicVectorI7AxolotlE13deleteElementEi
FN:167,_ZN13DynamicVectorI7AxolotlE13updateElementEiNS0_5BreedENSt7__cxx1112basic_stringIcSt11char_traitsIcESaIcEEEiS8_
FNDA:14,_ZN13DynamicVectorI7AxolotlEC2Ei
FNDA:0,_ZN13DynamicVectorI7AxolotlED2Ev
FNDA:0,_ZN13DynamicVectorI7AxolotlEaSERKS1_
FNDA:1,_ZN13DynamicVectorI7AxolotlEplERS0_
FNDA:39,_ZN13DynamicVectorI7AxolotlE3addES0_
FNDA:2,_ZN13DynamicVectorI7AxolotlE6resizeEd
FNDA:0,_ZN13DynamicVectorI7AxolotlEixEi
FNDA:0,_ZNK13DynamicVectorI7AxolotlE7getSizeEv
FNDA:2,_ZN13DynamicVectorI7AxolotlE13searchElementENSt7__cxx1112basic_stringIcSt11char_traitsIcESaIcEEE
FNDA:2,_ZN13DynamicVectorI7AxolotlE13deleteElementEi
FNDA:1,_ZN13DynamicVectorI7AxolotlE13updateElementEiNS0_5BreedENSt7__cxx1112basic_stringIcSt11char_traitsIcESaIcEEEiS8_
FNF:11
FNH:7
DA:60,14
DA:61,14
DA:62,14
DA:64,14
DA:65,14
DA:78,0
DA:79,0
DA:80,0
DA:83,0
DA:84,0
DA:85,0
DA:87,0
DA:88,0
DA:90,0
DA:92,0
DA:93,0
DA:94,0
DA:96,0
DA:100,1
DA:101,1
DA:103,1
DA:115,39
DA:116,39
DA:117,2
DA:118,39
DA:119,39
DA:120,39
DA:123,2
DA:124,2
DA:127,2
DA:128,13
DA:129,11
DA:131,2
DA:132,2
DA:133,2
DA:137,0
DA:138,0
DA:142,0
DA:143,0
DA:147,2
DA:148,23
DA:149,22
DA:150,1
DA:154,1
DA:158,13
DA:159,24
DA:160,11
DA:163,2
DA:164,2
DA:167,1
DA:168,1
DA:169,1
DA:170,1
DA:171,1
DA:172,1
LF:55
LH:38
end_of_record
SF:/usr/include/c++/7/bits/basic_string.h
FN:6005,_ZSteqIcEN9__gnu_cxx11__enable_ifIXsrSt9__is_charIT_E7__valueEbE6__typeERKNSt7__cxx1112basic_stringIS3_St11char_traitsIS3_ESaIS3_EEESE_
FNDA:43,_ZSteqIcEN9__gnu_cxx11__enable_ifIXsrSt9__is_charIT_E7__valueEbE6__typeERKNSt7__cxx1112basic_stringIS3_St11char_traitsIS3_ESaIS3_EEESE_
FNF:1
FNH:1
DA:6005,43
DA:6007,43
DA:6008,43
DA:6009,43
LF:4
LH:4
end_of_record
SF:/usr/include/c++/7/bits/char_traits.h
FN:300,_ZNSt11char_traitsIcE7compareEPKcS2_m
FNDA:7,_ZNSt11char_traitsIcE7compareEPKcS2_m
FNF:1
FNH:1
DA:300,7
DA:308,7
DA:309,0
DA:310,7
LF:4
LH:3
end_of_record
SF:/usr/include/c++/7/iostream
DA:74,1
LF:1
LH:1
end_of_record
TN:
SF:/home/sysadmin/CLionProjects/lab5-6/main.cpp
FN:5,main
FN:12,_Z41__static_initialization_and_destruction_0ii
FN:12,_GLOBAL__sub_I_main
FNDA:1,main
FNDA:1,_GLOBAL__sub_I_main
FNDA:1,_Z41__static_initialization_and_destruction_0ii
FNF:3
FNH:3
DA:5,1
DA:6,1
DA:8,1
DA:9,1
DA:11,0
DA:12,3
LF:6
LH:5
end_of_record
SF:/usr/include/c++/7/iostream
DA:74,1
LF:1
LH:1
end_of_record
TN:
SF:/home/sysadmin/CLionProjects/lab5-6/Axolotl.h
FN:13,_ZN7AxolotlC2ERKS_
FN:13,_ZN7AxolotlaSERKS_
FNDA:72,_ZN7AxolotlaSERKS_
FNDA:7,_ZN7AxolotlC2ERKS_
FNF:2
FNH:2
DA:13,79
LF:1
LH:1
end_of_record
SF:/home/sysadmin/CLionProjects/lab5-6/Controller.h
FN:16,_ZN10ControlleraSERKS_
FNDA:1,_ZN10ControlleraSERKS_
FNF:1
FNH:1
DA:16,1
LF:1
LH:1
end_of_record
SF:/home/sysadmin/CLionProjects/lab5-6/DynamicVector.h
FN:78,_ZN13DynamicVectorI7AxolotlED2Ev
FN:83,_ZN13DynamicVectorI7AxolotlEaSERKS1_
FN:137,_ZN13DynamicVectorI7AxolotlEixEi
FN:142,_ZNK13DynamicVectorI7AxolotlE7getSizeEv
FNDA:12,_ZN13DynamicVectorI7AxolotlED2Ev
FNDA:9,_ZN13DynamicVectorI7AxolotlEaSERKS1_
FNDA:45,_ZN13DynamicVectorI7AxolotlEixEi
FNDA:40,_ZNK13DynamicVectorI7AxolotlE7getSizeEv
FNF:4
FNH:4
DA:78,12
DA:79,12
DA:80,12
DA:83,9
DA:84,9
DA:85,1
DA:87,8
DA:88,8
DA:90,8
DA:92,8
DA:93,18
DA:94,10
DA:96,8
DA:137,45
DA:138,45
DA:142,40
DA:143,40
LF:17
LH:17
end_of_record
SF:/home/sysadmin/CLionProjects/lab5-6/UserInterface.cpp
FN:8,_ZN13UserInterfaceC2Ev
FN:23,_ZN13UserInterfaceD2Ev
FN:29,_ZN13UserInterface9printMenuEi
FN:37,_ZN13UserInterface15readAdminOrUserEv
FN:50,_ZN13UserInterface3runEv
FN:80,_ZN13UserInterface7readIntENSt7__cxx1112basic_stringIcSt11char_traitsIcESaIcEEE
FN:94,_ZN13UserInterface10readStringENSt7__cxx1112basic_stringIcSt11char_traitsIcESaIcEEE
FN:103,_ZN13UserInterface18handleAdminOptionsEi
FN:179,_ZN13UserInterface17handleUserOptionsEi
FN:220,_ZN13UserInterface14displayEachPetEv
FN:244,_ZN13UserInterface11displayListER13DynamicVectorI7AxolotlE
FN:248,_Z41__static_initialization_and_destruction_0ii
FN:248,_GLOBAL__sub_I__ZN13UserInterfaceC2Ev
FNDA:1,_ZN13UserInterfaceC2Ev
FNDA:0,_ZN13UserInterfaceD2Ev
FNDA:0,_ZN13UserInterface9printMenuEi
FNDA:1,_ZN13UserInterface15readAdminOrUserEv
FNDA:1,_ZN13UserInterface3runEv
FNDA:1,_ZN13UserInterface7readIntENSt7__cxx1112basic_stringIcSt11char_traitsIcESaIcEEE
FNDA:0,_ZN13UserInterface10readStringENSt7__cxx1112basic_stringIcSt11char_traitsIcESaIcEEE
FNDA:0,_ZN13UserInterface18handleAdminOptionsEi
FNDA:0,_ZN13UserInterface17handleUserOptionsEi
FNDA:0,_ZN13UserInterface14displayEachPetEv
FNDA:0,_ZN13UserInterface11displayListER13DynamicVectorI7AxolotlE
FNDA:1,_GLOBAL__sub_I__ZN13UserInterfaceC2Ev
FNDA:1,_Z41__static_initialization_and_destruction_0ii
FNF:13
FNH:6
DA:8,1
DA:9,1
DA:11,1
DA:15,1
DA:17,1
DA:20,1
DA:21,1
DA:23,0
DA:24,0
DA:29,0
DA:30,0
DA:31,0
DA:32,0
DA:33,0
DA:35,0
DA:37,1
DA:38,1
DA:39,1
DA:40,0
DA:42,1
DA:50,1
DA:51,1
DA:53,1
DA:54,1
DA:61,0
DA:63,0
DA:65,0
DA:66,0
DA:68,0
DA:71,0
DA:72,0
DA:73,0
DA:80,1
DA:82,1
DA:83,1
DA:84,1
DA:85,0
DA:86,0
DA:87,0
DA:88,0
DA:91,1
DA:94,0
DA:95,0
DA:97,0
DA:98,0
DA:100,0
DA:103,0
DA:104,0
DA:105,0
DA:106,0
DA:110,0
DA:111,0
DA:112,0
DA:113,0
DA:114,0
DA:116,0
DA:117,0
DA:118,0
DA:120,0
DA:123,0
DA:127,0
DA:128,0
DA:129,0
DA:130,0
DA:131,0
DA:132,0
DA:134,0
DA:135,0
DA:138,0
DA:142,0
DA:143,0
DA:144,0
DA:145,0
DA:146,0
DA:148,0
DA:149,0
DA:150,0
DA:151,0
DA:153,0
DA:155,0
DA:156,0
DA:158,0
DA:161,0
DA:165,0
DA:166,0
DA:167,0
DA:170,0
DA:171,0
DA:172,0
DA:176,0
DA:179,0
DA:180,0
DA:181,0
DA:182,0
DA:187,0
DA:188,0
DA:189,0
DA:193,0
DA:194,0
DA:195,0
DA:196,0
DA:197,0
DA:198,0
DA:202,0
DA:203,0
DA:204,0
DA:207,0
DA:208,0
DA:209,0
DA:213,0
DA:220,0
DA:221,0
DA:222,0
DA:223,0
DA:225,0
DA:226,0
DA:227,0
DA:228,0
DA:229,0
DA:235,0
DA:236,0
DA:239,0
DA:244,0
DA:245,0
DA:246,0
DA:248,3
LF:126
LH:21
end_of_record
SF:/usr/include/c++/7/iostream
DA:74,1
LF:1
LH:1
end_of_record
SF:/usr/include/c++/7/limits
FN:1141,_ZNSt14numeric_limitsIlE3maxEv
FNDA:0,_ZNSt14numeric_limitsIlE3maxEv
FNF:1
FNH:0
DA:1141,0
LF:1
LH:0
end_of_record
